<?xml version="1.0" encoding="UTF-8" ?>
<testsuite failures="0" time="1.12" errors="1" skipped="0" tests="1" name="edu.co.sena.ejemplo1.relaciones.unoauno.UnoAUnoTest">
  <properties>
[...]
</properties>
  <testcase time="1.077" classname="edu.co.sena.ejemplo1.relaciones.unoauno.UnoAUnoTest" name="consulta">
    <error type="java.lang.NullPointerException">java.lang.NullPointerException
	at edu.co.sena.ejemplo1.relaciones.unoauno.UnoAUnoTest.consulta(UnoAUnoTest.java:91)
	at sun.reflect.NativeMethodAccessorImpl.invoke0(Native Method)
	at sun.reflect.NativeMethodAccessorImpl.invoke(NativeMethodAccessorImpl.java:57)
	at sun.reflect.DelegatingMethodAccessorImpl.invoke(DelegatingMethodAccessorImpl.java:43)
	at java.lang.reflect.Method.invoke(Method.java:606)
	at org.junit.runners.model.FrameworkMethod$1.runReflectiveCall(FrameworkMethod.java:45)
	at org.junit.internal.runners.model.ReflectiveCallable.run(ReflectiveCallable.java:15)
	at org.junit.runners.model.FrameworkMethod.invokeExplosively(FrameworkMethod.java:42)
	at org.junit.internal.runners.statements.InvokeMethod.evaluate(InvokeMethod.java:20)
	at org.junit.internal.runners.statements.RunBefores.evaluate(RunBefores.java:28)
	at org.junit.internal.runners.statements.RunAfters.evaluate(RunAfters.java:30)
	at org.junit.runners.ParentRunner.runLeaf(ParentRunner.java:263)
	at org.junit.runners.BlockJUnit4ClassRunner.runChild(BlockJUnit4ClassRunner.java:68)
	at org.junit.runners.BlockJUnit4ClassRunner.runChild(BlockJUnit4ClassRunner.java:47)
	at org.junit.runners.ParentRunner$3.run(ParentRunner.java:231)
	at org.junit.runners.ParentRunner$1.schedule(ParentRunner.java:60)
	at org.junit.runners.ParentRunner.runChildren(ParentRunner.java:229)
	at org.junit.runners.ParentRunner.access$000(ParentRunner.java:50)
	at org.junit.runners.ParentRunner$2.evaluate(ParentRunner.java:222)
	at org.junit.internal.runners.statements.RunBefores.evaluate(RunBefores.java:28)
	at org.junit.internal.runners.statements.RunAfters.evaluate(RunAfters.java:30)
	at org.junit.runners.ParentRunner.run(ParentRunner.java:300)
	at org.apache.maven.surefire.junit4.JUnit4TestSet.execute(JUnit4TestSet.java:45)
	at org.apache.maven.surefire.junit4.JUnit4Provider.executeTestSet(JUnit4Provider.java:123)
	at org.apache.maven.surefire.junit4.JUnit4Provider.invoke(JUnit4Provider.java:104)
	at sun.reflect.NativeMethodAccessorImpl.invoke0(Native Method)
	at sun.reflect.NativeMethodAccessorImpl.invoke(NativeMethodAccessorImpl.java:57)
	at sun.reflect.DelegatingMethodAccessorImpl.invoke(DelegatingMethodAccessorImpl.java:43)
	at java.lang.reflect.Method.invoke(Method.java:606)
	at org.apache.maven.surefire.util.ReflectionUtils.invokeMethodWithArray(ReflectionUtils.java:164)
	at org.apache.maven.surefire.booter.ProviderFactory$ProviderProxy.invoke(ProviderFactory.java:110)
	at org.apache.maven.surefire.booter.SurefireStarter.invokeProvider(SurefireStarter.java:175)
	at org.apache.maven.surefire.booter.SurefireStarter.runSuitesInProcessWhenForked(SurefireStarter.java:107)
	at org.apache.maven.surefire.booter.ForkedBooter.main(ForkedBooter.java:68)
</error>
    <system-out>[EL Info]: 2015-04-09 17:54:08.065--ServerSession(159156132)--EclipseLink, version: Eclipse Persistence Services - 2.5.2.v20140319-9ad6abd
[EL Info]: connection: 2015-04-09 17:54:08.274--ServerSession(159156132)--file:/C:/Users/ColsutecR/Desktop/EjemploJPA1/target/classes/_edu.co.sena_EjemploJPA1_jar_1.0-SNAPSHOTPU login successful
[EL Fine]: sql: 2015-04-09 17:54:08.289--ServerSession(159156132)--Connection(2112784971)--SELECT IDESTUDIANTE FROM estudiante WHERE IDESTUDIANTE &lt;&gt; IDESTUDIANTE
[EL Fine]: sql: 2015-04-09 17:54:08.301--ServerSession(159156132)--Connection(2112784971)--SELECT IDMATERIA FROM materia WHERE IDMATERIA &lt;&gt; IDMATERIA
[EL Fine]: sql: 2015-04-09 17:54:08.301--ServerSession(159156132)--Connection(2112784971)--SELECT IDESTUDIANTE FROM ESTUDIANTE2 WHERE IDESTUDIANTE &lt;&gt; IDESTUDIANTE
[EL Fine]: sql: 2015-04-09 17:54:08.302--ServerSession(159156132)--Connection(2112784971)--SELECT IDMATERIA FROM MATERIA2 WHERE IDMATERIA &lt;&gt; IDMATERIA
[EL Fine]: sql: 2015-04-09 17:54:08.302--ServerSession(159156132)--Connection(2112784971)--SELECT IDESTUDIANTE FROM estudiante1 WHERE IDESTUDIANTE &lt;&gt; IDESTUDIANTE
[EL Fine]: sql: 2015-04-09 17:54:08.302--ServerSession(159156132)--Connection(2112784971)--SELECT IDMATERIA FROM materia1 WHERE IDMATERIA &lt;&gt; IDMATERIA
[EL Fine]: sql: 2015-04-09 17:54:08.303--ServerSession(159156132)--Connection(2112784971)--SELECT IDESTUDIANTE FROM ESTUDIANTE3 WHERE IDESTUDIANTE &lt;&gt; IDESTUDIANTE
[EL Fine]: sql: 2015-04-09 17:54:08.303--ServerSession(159156132)--Connection(2112784971)--SELECT IDMATERIA FROM MATERIA3 WHERE IDMATERIA &lt;&gt; IDMATERIA
[EL Fine]: sql: 2015-04-09 17:54:08.341--ServerSession(159156132)--Connection(2112784971)--SELECT IDMATERIA, DESCRIPCION, NOMBREMATERIA FROM MATERIA2 WHERE (IDMATERIA = ?)
	bind =&gt; [1 parameter bound]
</system-out>
  </testcase>
</testsuite>